<?xml version="1.0" encoding="UTF-8"?>
<testsuite xmlns:xsi="http://www.w3.org/2001/XMLSchema-instance" xsi:noNamespaceSchemaLocation="https://maven.apache.org/surefire/maven-surefire-plugin/xsd/surefire-test-report.xsd" name="com.echart.demo.DemoApplicationTests" time="4.689" tests="1" errors="0" skipped="0" failures="0">
  <properties>
    <property name="sun.desktop" value="windows"/>
    <property name="awt.toolkit" value="sun.awt.windows.WToolkit"/>
    <property name="file.encoding.pkg" value="sun.io"/>
    <property name="java.specification.version" value="1.8"/>
    <property name="sun.cpu.isalist" value="amd64"/>
    <property name="sun.jnu.encoding" value="GBK"/>
    <property name="java.class.path" value="D:\pyth\homework\EchartDemo\target\test-classes;D:\pyth\homework\EchartDemo\target\classes;D:\pyth\Maven\maven_jar\org\springframework\boot\spring-boot-starter-thymeleaf\2.3.0.RELEASE\spring-boot-starter-thymeleaf-2.3.0.RELEASE.jar;D:\pyth\Maven\maven_jar\org\springframework\boot\spring-boot-starter\2.3.0.RELEASE\spring-boot-starter-2.3.0.RELEASE.jar;D:\pyth\Maven\maven_jar\org\springframework\boot\spring-boot\2.3.0.RELEASE\spring-boot-2.3.0.RELEASE.jar;D:\pyth\Maven\maven_jar\org\springframework\boot\spring-boot-autoconfigure\2.3.0.RELEASE\spring-boot-autoconfigure-2.3.0.RELEASE.jar;D:\pyth\Maven\maven_jar\org\springframework\boot\spring-boot-starter-logging\2.3.0.RELEASE\spring-boot-starter-logging-2.3.0.RELEASE.jar;D:\pyth\Maven\maven_jar\ch\qos\logback\logback-classic\1.2.3\logback-classic-1.2.3.jar;D:\pyth\Maven\maven_jar\ch\qos\logback\logback-core\1.2.3\logback-core-1.2.3.jar;D:\pyth\Maven\maven_jar\org\apache\logging\log4j\log4j-to-slf4j\2.13.2\log4j-to-slf4j-2.13.2.jar;D:\pyth\Maven\maven_jar\org\apache\logging\log4j\log4j-api\2.13.2\log4j-api-2.13.2.jar;D:\pyth\Maven\maven_jar\org\slf4j\jul-to-slf4j\1.7.30\jul-to-slf4j-1.7.30.jar;D:\pyth\Maven\maven_jar\jakarta\annotation\jakarta.annotation-api\1.3.5\jakarta.annotation-api-1.3.5.jar;D:\pyth\Maven\maven_jar\org\yaml\snakeyaml\1.26\snakeyaml-1.26.jar;D:\pyth\Maven\maven_jar\org\thymeleaf\thymeleaf-spring5\3.0.11.RELEASE\thymeleaf-spring5-3.0.11.RELEASE.jar;D:\pyth\Maven\maven_jar\org\thymeleaf\thymeleaf\3.0.11.RELEASE\thymeleaf-3.0.11.RELEASE.jar;D:\pyth\Maven\maven_jar\org\attoparser\attoparser\2.0.5.RELEASE\attoparser-2.0.5.RELEASE.jar;D:\pyth\Maven\maven_jar\org\unbescape\unbescape\1.1.6.RELEASE\unbescape-1.1.6.RELEASE.jar;D:\pyth\Maven\maven_jar\org\slf4j\slf4j-api\1.7.30\slf4j-api-1.7.30.jar;D:\pyth\Maven\maven_jar\org\thymeleaf\extras\thymeleaf-extras-java8time\3.0.4.RELEASE\thymeleaf-extras-java8time-3.0.4.RELEASE.jar;D:\pyth\Maven\maven_jar\org\springframework\boot\spring-boot-starter-web\2.3.0.RELEASE\spring-boot-starter-web-2.3.0.RELEASE.jar;D:\pyth\Maven\maven_jar\org\springframework\boot\spring-boot-starter-json\2.3.0.RELEASE\spring-boot-starter-json-2.3.0.RELEASE.jar;D:\pyth\Maven\maven_jar\com\fasterxml\jackson\core\jackson-databind\2.11.0\jackson-databind-2.11.0.jar;D:\pyth\Maven\maven_jar\com\fasterxml\jackson\core\jackson-annotations\2.11.0\jackson-annotations-2.11.0.jar;D:\pyth\Maven\maven_jar\com\fasterxml\jackson\core\jackson-core\2.11.0\jackson-core-2.11.0.jar;D:\pyth\Maven\maven_jar\com\fasterxml\jackson\datatype\jackson-datatype-jdk8\2.11.0\jackson-datatype-jdk8-2.11.0.jar;D:\pyth\Maven\maven_jar\com\fasterxml\jackson\datatype\jackson-datatype-jsr310\2.11.0\jackson-datatype-jsr310-2.11.0.jar;D:\pyth\Maven\maven_jar\com\fasterxml\jackson\module\jackson-module-parameter-names\2.11.0\jackson-module-parameter-names-2.11.0.jar;D:\pyth\Maven\maven_jar\org\springframework\boot\spring-boot-starter-tomcat\2.3.0.RELEASE\spring-boot-starter-tomcat-2.3.0.RELEASE.jar;D:\pyth\Maven\maven_jar\org\apache\tomcat\embed\tomcat-embed-core\9.0.35\tomcat-embed-core-9.0.35.jar;D:\pyth\Maven\maven_jar\org\glassfish\jakarta.el\3.0.3\jakarta.el-3.0.3.jar;D:\pyth\Maven\maven_jar\org\apache\tomcat\embed\tomcat-embed-websocket\9.0.35\tomcat-embed-websocket-9.0.35.jar;D:\pyth\Maven\maven_jar\org\springframework\spring-web\5.2.6.RELEASE\spring-web-5.2.6.RELEASE.jar;D:\pyth\Maven\maven_jar\org\springframework\spring-beans\5.2.6.RELEASE\spring-beans-5.2.6.RELEASE.jar;D:\pyth\Maven\maven_jar\org\springframework\spring-webmvc\5.2.6.RELEASE\spring-webmvc-5.2.6.RELEASE.jar;D:\pyth\Maven\maven_jar\org\springframework\spring-aop\5.2.6.RELEASE\spring-aop-5.2.6.RELEASE.jar;D:\pyth\Maven\maven_jar\org\springframework\spring-context\5.2.6.RELEASE\spring-context-5.2.6.RELEASE.jar;D:\pyth\Maven\maven_jar\org\springframework\spring-expression\5.2.6.RELEASE\spring-expression-5.2.6.RELEASE.jar;D:\pyth\Maven\maven_jar\org\springframework\boot\spring-boot-starter-test\2.3.0.RELEASE\spring-boot-starter-test-2.3.0.RELEASE.jar;D:\pyth\Maven\maven_jar\org\springframework\boot\spring-boot-test\2.3.0.RELEASE\spring-boot-test-2.3.0.RELEASE.jar;D:\pyth\Maven\maven_jar\org\springframework\boot\spring-boot-test-autoconfigure\2.3.0.RELEASE\spring-boot-test-autoconfigure-2.3.0.RELEASE.jar;D:\pyth\Maven\maven_jar\com\jayway\jsonpath\json-path\2.4.0\json-path-2.4.0.jar;D:\pyth\Maven\maven_jar\net\minidev\json-smart\2.3\json-smart-2.3.jar;D:\pyth\Maven\maven_jar\net\minidev\accessors-smart\1.2\accessors-smart-1.2.jar;D:\pyth\Maven\maven_jar\org\ow2\asm\asm\5.0.4\asm-5.0.4.jar;D:\pyth\Maven\maven_jar\jakarta\xml\bind\jakarta.xml.bind-api\2.3.3\jakarta.xml.bind-api-2.3.3.jar;D:\pyth\Maven\maven_jar\jakarta\activation\jakarta.activation-api\1.2.2\jakarta.activation-api-1.2.2.jar;D:\pyth\Maven\maven_jar\org\assertj\assertj-core\3.16.1\assertj-core-3.16.1.jar;D:\pyth\Maven\maven_jar\org\hamcrest\hamcrest\2.2\hamcrest-2.2.jar;D:\pyth\Maven\maven_jar\org\junit\jupiter\junit-jupiter\5.6.2\junit-jupiter-5.6.2.jar;D:\pyth\Maven\maven_jar\org\junit\jupiter\junit-jupiter-api\5.6.2\junit-jupiter-api-5.6.2.jar;D:\pyth\Maven\maven_jar\org\apiguardian\apiguardian-api\1.1.0\apiguardian-api-1.1.0.jar;D:\pyth\Maven\maven_jar\org\opentest4j\opentest4j\1.2.0\opentest4j-1.2.0.jar;D:\pyth\Maven\maven_jar\org\junit\platform\junit-platform-commons\1.6.2\junit-platform-commons-1.6.2.jar;D:\pyth\Maven\maven_jar\org\junit\jupiter\junit-jupiter-params\5.6.2\junit-jupiter-params-5.6.2.jar;D:\pyth\Maven\maven_jar\org\junit\jupiter\junit-jupiter-engine\5.6.2\junit-jupiter-engine-5.6.2.jar;D:\pyth\Maven\maven_jar\org\junit\platform\junit-platform-engine\1.6.2\junit-platform-engine-1.6.2.jar;D:\pyth\Maven\maven_jar\org\mockito\mockito-core\3.3.3\mockito-core-3.3.3.jar;D:\pyth\Maven\maven_jar\net\bytebuddy\byte-buddy\1.10.10\byte-buddy-1.10.10.jar;D:\pyth\Maven\maven_jar\net\bytebuddy\byte-buddy-agent\1.10.10\byte-buddy-agent-1.10.10.jar;D:\pyth\Maven\maven_jar\org\objenesis\objenesis\2.6\objenesis-2.6.jar;D:\pyth\Maven\maven_jar\org\mockito\mockito-junit-jupiter\3.3.3\mockito-junit-jupiter-3.3.3.jar;D:\pyth\Maven\maven_jar\org\skyscreamer\jsonassert\1.5.0\jsonassert-1.5.0.jar;D:\pyth\Maven\maven_jar\com\vaadin\external\google\android-json\0.0.20131108.vaadin1\android-json-0.0.20131108.vaadin1.jar;D:\pyth\Maven\maven_jar\org\springframework\spring-core\5.2.6.RELEASE\spring-core-5.2.6.RELEASE.jar;D:\pyth\Maven\maven_jar\org\springframework\spring-jcl\5.2.6.RELEASE\spring-jcl-5.2.6.RELEASE.jar;D:\pyth\Maven\maven_jar\org\springframework\spring-test\5.2.6.RELEASE\spring-test-5.2.6.RELEASE.jar;D:\pyth\Maven\maven_jar\org\xmlunit\xmlunit-core\2.7.0\xmlunit-core-2.7.0.jar;D:\pyth\Maven\maven_jar\mysql\mysql-connector-java\8.0.20\mysql-connector-java-8.0.20.jar;D:\pyth\Maven\maven_jar\org\mybatis\spring\boot\mybatis-spring-boot-starter\2.0.0\mybatis-spring-boot-starter-2.0.0.jar;D:\pyth\Maven\maven_jar\org\springframework\boot\spring-boot-starter-jdbc\2.3.0.RELEASE\spring-boot-starter-jdbc-2.3.0.RELEASE.jar;D:\pyth\Maven\maven_jar\com\zaxxer\HikariCP\3.4.5\HikariCP-3.4.5.jar;D:\pyth\Maven\maven_jar\org\springframework\spring-jdbc\5.2.6.RELEASE\spring-jdbc-5.2.6.RELEASE.jar;D:\pyth\Maven\maven_jar\org\springframework\spring-tx\5.2.6.RELEASE\spring-tx-5.2.6.RELEASE.jar;D:\pyth\Maven\maven_jar\org\mybatis\spring\boot\mybatis-spring-boot-autoconfigure\2.0.0\mybatis-spring-boot-autoconfigure-2.0.0.jar;D:\pyth\Maven\maven_jar\org\mybatis\mybatis\3.5.0\mybatis-3.5.0.jar;D:\pyth\Maven\maven_jar\org\mybatis\mybatis-spring\2.0.0\mybatis-spring-2.0.0.jar;D:\pyth\Maven\maven_jar\org\projectlombok\lombok\1.18.10\lombok-1.18.10.jar;"/>
    <property name="java.vm.vendor" value="Oracle Corporation"/>
    <property name="sun.arch.data.model" value="64"/>
    <property name="user.variant" value=""/>
    <property name="java.vendor.url" value="http://java.oracle.com/"/>
    <property name="user.timezone" value="Asia/Shanghai"/>
    <property name="java.vm.specification.version" value="1.8"/>
    <property name="os.name" value="Windows 10"/>
    <property name="user.country" value="CN"/>
    <property name="sun.java.launcher" value="SUN_STANDARD"/>
    <property name="sun.boot.library.path" value="D:\pyth\Java\jdk18\jre\bin"/>
    <property name="sun.java.command" value="C:\Users\Me\AppData\Local\Temp\surefire2435053015009273356\surefirebooter1852058849885658885.jar C:\Users\Me\AppData\Local\Temp\surefire2435053015009273356 2020-05-27T14-28-07_023-jvmRun1 surefire3607734036897643447tmp surefire_04377351546658552166tmp"/>
    <property name="surefire.test.class.path" value="D:\pyth\homework\EchartDemo\target\test-classes;D:\pyth\homework\EchartDemo\target\classes;D:\pyth\Maven\maven_jar\org\springframework\boot\spring-boot-starter-thymeleaf\2.3.0.RELEASE\spring-boot-starter-thymeleaf-2.3.0.RELEASE.jar;D:\pyth\Maven\maven_jar\org\springframework\boot\spring-boot-starter\2.3.0.RELEASE\spring-boot-starter-2.3.0.RELEASE.jar;D:\pyth\Maven\maven_jar\org\springframework\boot\spring-boot\2.3.0.RELEASE\spring-boot-2.3.0.RELEASE.jar;D:\pyth\Maven\maven_jar\org\springframework\boot\spring-boot-autoconfigure\2.3.0.RELEASE\spring-boot-autoconfigure-2.3.0.RELEASE.jar;D:\pyth\Maven\maven_jar\org\springframework\boot\spring-boot-starter-logging\2.3.0.RELEASE\spring-boot-starter-logging-2.3.0.RELEASE.jar;D:\pyth\Maven\maven_jar\ch\qos\logback\logback-classic\1.2.3\logback-classic-1.2.3.jar;D:\pyth\Maven\maven_jar\ch\qos\logback\logback-core\1.2.3\logback-core-1.2.3.jar;D:\pyth\Maven\maven_jar\org\apache\logging\log4j\log4j-to-slf4j\2.13.2\log4j-to-slf4j-2.13.2.jar;D:\pyth\Maven\maven_jar\org\apache\logging\log4j\log4j-api\2.13.2\log4j-api-2.13.2.jar;D:\pyth\Maven\maven_jar\org\slf4j\jul-to-slf4j\1.7.30\jul-to-slf4j-1.7.30.jar;D:\pyth\Maven\maven_jar\jakarta\annotation\jakarta.annotation-api\1.3.5\jakarta.annotation-api-1.3.5.jar;D:\pyth\Maven\maven_jar\org\yaml\snakeyaml\1.26\snakeyaml-1.26.jar;D:\pyth\Maven\maven_jar\org\thymeleaf\thymeleaf-spring5\3.0.11.RELEASE\thymeleaf-spring5-3.0.11.RELEASE.jar;D:\pyth\Maven\maven_jar\org\thymeleaf\thymeleaf\3.0.11.RELEASE\thymeleaf-3.0.11.RELEASE.jar;D:\pyth\Maven\maven_jar\org\attoparser\attoparser\2.0.5.RELEASE\attoparser-2.0.5.RELEASE.jar;D:\pyth\Maven\maven_jar\org\unbescape\unbescape\1.1.6.RELEASE\unbescape-1.1.6.RELEASE.jar;D:\pyth\Maven\maven_jar\org\slf4j\slf4j-api\1.7.30\slf4j-api-1.7.30.jar;D:\pyth\Maven\maven_jar\org\thymeleaf\extras\thymeleaf-extras-java8time\3.0.4.RELEASE\thymeleaf-extras-java8time-3.0.4.RELEASE.jar;D:\pyth\Maven\maven_jar\org\springframework\boot\spring-boot-starter-web\2.3.0.RELEASE\spring-boot-starter-web-2.3.0.RELEASE.jar;D:\pyth\Maven\maven_jar\org\springframework\boot\spring-boot-starter-json\2.3.0.RELEASE\spring-boot-starter-json-2.3.0.RELEASE.jar;D:\pyth\Maven\maven_jar\com\fasterxml\jackson\core\jackson-databind\2.11.0\jackson-databind-2.11.0.jar;D:\pyth\Maven\maven_jar\com\fasterxml\jackson\core\jackson-annotations\2.11.0\jackson-annotations-2.11.0.jar;D:\pyth\Maven\maven_jar\com\fasterxml\jackson\core\jackson-core\2.11.0\jackson-core-2.11.0.jar;D:\pyth\Maven\maven_jar\com\fasterxml\jackson\datatype\jackson-datatype-jdk8\2.11.0\jackson-datatype-jdk8-2.11.0.jar;D:\pyth\Maven\maven_jar\com\fasterxml\jackson\datatype\jackson-datatype-jsr310\2.11.0\jackson-datatype-jsr310-2.11.0.jar;D:\pyth\Maven\maven_jar\com\fasterxml\jackson\module\jackson-module-parameter-names\2.11.0\jackson-module-parameter-names-2.11.0.jar;D:\pyth\Maven\maven_jar\org\springframework\boot\spring-boot-starter-tomcat\2.3.0.RELEASE\spring-boot-starter-tomcat-2.3.0.RELEASE.jar;D:\pyth\Maven\maven_jar\org\apache\tomcat\embed\tomcat-embed-core\9.0.35\tomcat-embed-core-9.0.35.jar;D:\pyth\Maven\maven_jar\org\glassfish\jakarta.el\3.0.3\jakarta.el-3.0.3.jar;D:\pyth\Maven\maven_jar\org\apache\tomcat\embed\tomcat-embed-websocket\9.0.35\tomcat-embed-websocket-9.0.35.jar;D:\pyth\Maven\maven_jar\org\springframework\spring-web\5.2.6.RELEASE\spring-web-5.2.6.RELEASE.jar;D:\pyth\Maven\maven_jar\org\springframework\spring-beans\5.2.6.RELEASE\spring-beans-5.2.6.RELEASE.jar;D:\pyth\Maven\maven_jar\org\springframework\spring-webmvc\5.2.6.RELEASE\spring-webmvc-5.2.6.RELEASE.jar;D:\pyth\Maven\maven_jar\org\springframework\spring-aop\5.2.6.RELEASE\spring-aop-5.2.6.RELEASE.jar;D:\pyth\Maven\maven_jar\org\springframework\spring-context\5.2.6.RELEASE\spring-context-5.2.6.RELEASE.jar;D:\pyth\Maven\maven_jar\org\springframework\spring-expression\5.2.6.RELEASE\spring-expression-5.2.6.RELEASE.jar;D:\pyth\Maven\maven_jar\org\springframework\boot\spring-boot-starter-test\2.3.0.RELEASE\spring-boot-starter-test-2.3.0.RELEASE.jar;D:\pyth\Maven\maven_jar\org\springframework\boot\spring-boot-test\2.3.0.RELEASE\spring-boot-test-2.3.0.RELEASE.jar;D:\pyth\Maven\maven_jar\org\springframework\boot\spring-boot-test-autoconfigure\2.3.0.RELEASE\spring-boot-test-autoconfigure-2.3.0.RELEASE.jar;D:\pyth\Maven\maven_jar\com\jayway\jsonpath\json-path\2.4.0\json-path-2.4.0.jar;D:\pyth\Maven\maven_jar\net\minidev\json-smart\2.3\json-smart-2.3.jar;D:\pyth\Maven\maven_jar\net\minidev\accessors-smart\1.2\accessors-smart-1.2.jar;D:\pyth\Maven\maven_jar\org\ow2\asm\asm\5.0.4\asm-5.0.4.jar;D:\pyth\Maven\maven_jar\jakarta\xml\bind\jakarta.xml.bind-api\2.3.3\jakarta.xml.bind-api-2.3.3.jar;D:\pyth\Maven\maven_jar\jakarta\activation\jakarta.activation-api\1.2.2\jakarta.activation-api-1.2.2.jar;D:\pyth\Maven\maven_jar\org\assertj\assertj-core\3.16.1\assertj-core-3.16.1.jar;D:\pyth\Maven\maven_jar\org\hamcrest\hamcrest\2.2\hamcrest-2.2.jar;D:\pyth\Maven\maven_jar\org\junit\jupiter\junit-jupiter\5.6.2\junit-jupiter-5.6.2.jar;D:\pyth\Maven\maven_jar\org\junit\jupiter\junit-jupiter-api\5.6.2\junit-jupiter-api-5.6.2.jar;D:\pyth\Maven\maven_jar\org\apiguardian\apiguardian-api\1.1.0\apiguardian-api-1.1.0.jar;D:\pyth\Maven\maven_jar\org\opentest4j\opentest4j\1.2.0\opentest4j-1.2.0.jar;D:\pyth\Maven\maven_jar\org\junit\platform\junit-platform-commons\1.6.2\junit-platform-commons-1.6.2.jar;D:\pyth\Maven\maven_jar\org\junit\jupiter\junit-jupiter-params\5.6.2\junit-jupiter-params-5.6.2.jar;D:\pyth\Maven\maven_jar\org\junit\jupiter\junit-jupiter-engine\5.6.2\junit-jupiter-engine-5.6.2.jar;D:\pyth\Maven\maven_jar\org\junit\platform\junit-platform-engine\1.6.2\junit-platform-engine-1.6.2.jar;D:\pyth\Maven\maven_jar\org\mockito\mockito-core\3.3.3\mockito-core-3.3.3.jar;D:\pyth\Maven\maven_jar\net\bytebuddy\byte-buddy\1.10.10\byte-buddy-1.10.10.jar;D:\pyth\Maven\maven_jar\net\bytebuddy\byte-buddy-agent\1.10.10\byte-buddy-agent-1.10.10.jar;D:\pyth\Maven\maven_jar\org\objenesis\objenesis\2.6\objenesis-2.6.jar;D:\pyth\Maven\maven_jar\org\mockito\mockito-junit-jupiter\3.3.3\mockito-junit-jupiter-3.3.3.jar;D:\pyth\Maven\maven_jar\org\skyscreamer\jsonassert\1.5.0\jsonassert-1.5.0.jar;D:\pyth\Maven\maven_jar\com\vaadin\external\google\android-json\0.0.20131108.vaadin1\android-json-0.0.20131108.vaadin1.jar;D:\pyth\Maven\maven_jar\org\springframework\spring-core\5.2.6.RELEASE\spring-core-5.2.6.RELEASE.jar;D:\pyth\Maven\maven_jar\org\springframework\spring-jcl\5.2.6.RELEASE\spring-jcl-5.2.6.RELEASE.jar;D:\pyth\Maven\maven_jar\org\springframework\spring-test\5.2.6.RELEASE\spring-test-5.2.6.RELEASE.jar;D:\pyth\Maven\maven_jar\org\xmlunit\xmlunit-core\2.7.0\xmlunit-core-2.7.0.jar;D:\pyth\Maven\maven_jar\mysql\mysql-connector-java\8.0.20\mysql-connector-java-8.0.20.jar;D:\pyth\Maven\maven_jar\org\mybatis\spring\boot\mybatis-spring-boot-starter\2.0.0\mybatis-spring-boot-starter-2.0.0.jar;D:\pyth\Maven\maven_jar\org\springframework\boot\spring-boot-starter-jdbc\2.3.0.RELEASE\spring-boot-starter-jdbc-2.3.0.RELEASE.jar;D:\pyth\Maven\maven_jar\com\zaxxer\HikariCP\3.4.5\HikariCP-3.4.5.jar;D:\pyth\Maven\maven_jar\org\springframework\spring-jdbc\5.2.6.RELEASE\spring-jdbc-5.2.6.RELEASE.jar;D:\pyth\Maven\maven_jar\org\springframework\spring-tx\5.2.6.RELEASE\spring-tx-5.2.6.RELEASE.jar;D:\pyth\Maven\maven_jar\org\mybatis\spring\boot\mybatis-spring-boot-autoconfigure\2.0.0\mybatis-spring-boot-autoconfigure-2.0.0.jar;D:\pyth\Maven\maven_jar\org\mybatis\mybatis\3.5.0\mybatis-3.5.0.jar;D:\pyth\Maven\maven_jar\org\mybatis\mybatis-spring\2.0.0\mybatis-spring-2.0.0.jar;D:\pyth\Maven\maven_jar\org\projectlombok\lombok\1.18.10\lombok-1.18.10.jar;"/>
    <property name="sun.cpu.endian" value="little"/>
    <property name="user.home" value="C:\Users\Me"/>
    <property name="user.language" value="zh"/>
    <property name="java.specification.vendor" value="Oracle Corporation"/>
    <property name="java.home" value="D:\pyth\Java\jdk18\jre"/>
    <property name="basedir" value="D:\pyth\homework\EchartDemo"/>
    <property name="file.separator" value="\"/>
    <property name="line.separator" value="&#10;"/>
    <property name="java.vm.specification.vendor" value="Oracle Corporation"/>
    <property name="java.specification.name" value="Java Platform API Specification"/>
    <property name="java.awt.graphicsenv" value="sun.awt.Win32GraphicsEnvironment"/>
    <property name="surefire.real.class.path" value="C:\Users\Me\AppData\Local\Temp\surefire2435053015009273356\surefirebooter1852058849885658885.jar"/>
    <property name="sun.boot.class.path" value="D:\pyth\Java\jdk18\jre\lib\resources.jar;D:\pyth\Java\jdk18\jre\lib\rt.jar;D:\pyth\Java\jdk18\jre\lib\sunrsasign.jar;D:\pyth\Java\jdk18\jre\lib\jsse.jar;D:\pyth\Java\jdk18\jre\lib\jce.jar;D:\pyth\Java\jdk18\jre\lib\charsets.jar;D:\pyth\Java\jdk18\jre\lib\jfr.jar;D:\pyth\Java\jdk18\jre\classes"/>
    <property name="user.script" value=""/>
    <property name="sun.management.compiler" value="HotSpot 64-Bit Tiered Compilers"/>
    <property name="java.runtime.version" value="1.8.0_241-b07"/>
    <property name="user.name" value="Me"/>
    <property name="path.separator" value=";"/>
    <property name="os.version" value="10.0"/>
    <property name="java.endorsed.dirs" value="D:\pyth\Java\jdk18\jre\lib\endorsed"/>
    <property name="java.runtime.name" value="Java(TM) SE Runtime Environment"/>
    <property name="file.encoding" value="GBK"/>
    <property name="java.vm.name" value="Java HotSpot(TM) 64-Bit Server VM"/>
    <property name="localRepository" value="D:\pyth\Maven\maven_jar"/>
    <property name="java.vendor.url.bug" value="http://bugreport.sun.com/bugreport/"/>
    <property name="java.io.tmpdir" value="C:\Users\Me\AppData\Local\Temp\"/>
    <property name="java.version" value="1.8.0_241"/>
    <property name="user.dir" value="D:\pyth\homework\EchartDemo"/>
    <property name="os.arch" value="amd64"/>
    <property name="java.vm.specification.name" value="Java Virtual Machine Specification"/>
    <property name="java.awt.printerjob" value="sun.awt.windows.WPrinterJob"/>
    <property name="sun.os.patch.level" value=""/>
    <property name="java.library.path" value="D:\pyth\Java\jdk18\jre\bin;C:\WINDOWS\Sun\Java\bin;C:\WINDOWS\system32;C:\WINDOWS;D:\pyth\Java\jdk18\bin;D:\pyth\Java\jdk18\jre18\bin;C:\Program Files (x86)\Common Files\Oracle\Java\javapath;C:\WINDOWS\system32;C:\WINDOWS;C:\WINDOWS\System32\Wbem;C:\WINDOWS\System32\WindowsPowerShell\v1.0\;C:\WINDOWS\System32\OpenSSH\;C:\Program Files\Intel\WiFi\bin\;C:\Program Files\Common Files\Intel\WirelessCommon\;D:\pyth\Anaconda3;D:\pyth\Anaconda3\Scripts;D:\pyth\Anaconda3\Library\bin;D:\pyth\MinGW\bin;C:\Program Files\Microsoft VS Code\bin;D:\pyth\Git\cmd;D:\pyth\Git\usr\bin\;&quot;%Git_HOME%\usr\bin;%Git_HOME%\bin&quot;;D:\pyth\Packages\;C:\Program Files (x86)\Google\Chrome\Application;D:\pyth\Maven\apache-maven-3.6.3\bin\;C:\Users\Me\AppData\Local\Microsoft\WindowsApps;D:\Softwares\Bandizip\;;."/>
    <property name="idea.version2019.3.2" value="true"/>
    <property name="java.vm.info" value="mixed mode"/>
    <property name="java.vendor" value="Oracle Corporation"/>
    <property name="java.vm.version" value="25.241-b07"/>
    <property name="java.ext.dirs" value="D:\pyth\Java\jdk18\jre\lib\ext;C:\WINDOWS\Sun\Java\lib\ext"/>
    <property name="sun.io.unicode.encoding" value="UnicodeLittle"/>
    <property name="maven.repo.local" value="D:\pyth\Maven\maven_jar"/>
    <property name="java.class.version" value="52.0"/>
  </properties>
  <testcase name="contextLoads" classname="com.echart.demo.DemoApplicationTests" time="0.442"/>
</testsuite>